0.495604 3.004599 760.267733 
0.486947 2.999865 738.113746 
0.481513 2.999902 743.493826 
0.476540 2.999884 746.713411 
0.472234 2.999954 754.867005 
0.467699 2.999776 747.063108 
0.462897 2.999891 726.932668 
0.458372 2.999892 747.182073 
0.453982 2.999838 757.145275 
0.449215 2.999916 724.700360 
0.444545 2.999898 747.620231 
0.440265 2.999831 752.276246 
0.440265 2.999831 752.276246 
0.435669 2.999840 744.130323 
0.431095 2.999928 753.273944 
0.426631 2.999906 748.508597 
0.422144 2.999838 730.528700 
0.417912 2.999839 749.404444 
0.413509 2.999854 747.212082 
0.409045 2.999905 745.688827 
0.404073 2.999872 750.555582 
0.398385 2.999872 745.332406 
0.392999 2.999882 744.849367 
0.387869 2.999904 751.613284 
0.382944 2.999919 740.366478 
0.377888 2.999818 756.428612 
0.372928 2.999869 738.159915 
0.368003 2.999856 738.777849 
0.363030 2.999888 753.487756 
0.358312 2.999898 756.181786 
0.353303 2.999821 735.976548 
0.348234 2.999880 738.501168 
0.343055 2.999835 751.961829 
0.343055 2.999835 751.961829 
0.337924 2.999912 732.417073 
0.332999 2.999872 748.622315 
0.328355 2.999836 755.095320 
0.323663 2.999777 750.160112 
0.319137 2.999952 743.335903 
0.314309 2.999851 739.765058 
0.308985 2.999911 758.797568 
0.304218 2.999875 734.453398 
0.299938 2.999826 745.333861 
0.295680 2.999945 746.006070 
0.291023 2.999818 743.541106 
0.286221 2.999882 749.202568 
0.281647 2.999915 749.911182 
0.277306 2.999848 729.511361 
0.272854 2.999912 739.394964 
0.268123 2.999958 759.617229 
0.263479 2.999836 727.550986 
0.259041 2.999887 745.923528 
0.254686 2.999870 751.774069 
0.250125 2.999916 748.036191 
0.245687 2.999798 732.925501 
0.241297 2.999863 749.435581 
0.236882 2.999882 753.265169 
0.232685 2.999883 739.654886 
0.228440 2.999884 748.154746 
0.224147 2.999866 741.126401 
0.219744 2.999899 745.793049 
0.215341 2.999882 745.075285 
0.211048 2.999883 735.743312 
0.206693 2.999915 747.303005 
0.202326 2.999985 749.128287 
0.197923 2.999931 732.682386 
0.193388 2.999877 762.974694 
